social.are
olc.hlp
help.are
help-mud.are
help-dict.are
limbo.are
immortal.are
idungeon.are
midgaard.are
midduel.are
ofcol2.are
plains.are
haon.are
air.are
arachnos.are
astral.are
canyon.are
catacomb.are
chapel.are
daycare.are
draconia.are
dream.are
drow.are
thalos.are
dwarven.are
clouds.are
eastern.are
galaxy.are
gnome.are
grave.are
grove.are
hitower.are
hood.are
mahntor.are
marsh.are
midennir.are
mirror.are
moria.are
newthalos.are
nirvana.are
ofcol.are
olympus.are
pyramid.are
sewer.are
redferne.are
school.are
bardcamp.are
tohell.are
trollden.are
valley.are
wyvern.are
shire.are
ocean-c.are
ocean-w.are
ocean-e.are
ocean-ne.are
ocean-nw.are
ocean-n.are
ocean-sw.are
ocean-s.are
ocean-se.are
ocean-barrier-n.are
ocean-barrier-c.are
ocean-barrier-s.are
ciquala.are
darkness.are
warlock-keep.are
mahntor-caves.are
arcanis-inland.are
bladance.are
seacastle.are
tournament-ground.are
dungeon.are
redoak.are
gray-mountains.are
storm-keep.are
$
